<?xml version="1.0" encoding="UTF-8"?>
<!-- Generated by org.testng.reporters.JUnitReportReporter -->
<testsuite name="ApplicationTestCases.LoginPageTestcase" tests="4" time="14.892" ignored="0" failures="1" timestamp="14 Jul 2021 11:46:10 GMT" skipped="1" hostname="sauron" errors="0">
  <testcase name="searchAndOpenItem" time="7.032" classname="ApplicationTestCases.LoginPageTestcase"/>
  <testcase name="logOut" time="0.000" classname="ApplicationTestCases.LoginPageTestcase">
    <skipped/>
  </testcase> <!-- logOut -->
  <testcase name="login" time="1.346" classname="ApplicationTestCases.LoginPageTestcase">
    <failure type="java.lang.AssertionError" message="expected [My Account] but found [Login]">
      <![CDATA[java.lang.AssertionError: expected [My Account] but found [Login]
	at org.testng.Assert.fail(Assert.java:94)
	at org.testng.Assert.failNotEquals(Assert.java:513)
	at org.testng.Assert.assertEqualsImpl(Assert.java:135)
	at org.testng.Assert.assertEquals(Assert.java:116)
	at org.testng.Assert.assertEquals(Assert.java:190)
	at org.testng.Assert.assertEquals(Assert.java:200)
	at ApplicationTestCases.LoginPageTestcase.login(LoginPageTestcase.java:31)
	at sun.reflect.NativeMethodAccessorImpl.invoke0(Native Method)
	at sun.reflect.NativeMethodAccessorImpl.invoke(NativeMethodAccessorImpl.java:62)
	at sun.reflect.DelegatingMethodAccessorImpl.invoke(DelegatingMethodAccessorImpl.java:43)
	at java.lang.reflect.Method.invoke(Method.java:498)
	at org.testng.internal.MethodInvocationHelper.invokeMethod(MethodInvocationHelper.java:104)
	at org.testng.internal.Invoker.invokeMethod(Invoker.java:645)
	at org.testng.internal.Invoker.invokeTestMethod(Invoker.java:851)
	at org.testng.internal.Invoker.invokeTestMethods(Invoker.java:1177)
	at org.testng.internal.TestMethodWorker.invokeTestMethods(TestMethodWorker.java:129)
	at org.testng.internal.TestMethodWorker.run(TestMethodWorker.java:112)
	at java.util.concurrent.ThreadPoolExecutor.runWorker(ThreadPoolExecutor.java:1142)
	at java.util.concurrent.ThreadPoolExecutor$Worker.run(ThreadPoolExecutor.java:617)
	at java.lang.Thread.run(Thread.java:745)
]]>
    </failure>
  </testcase> <!-- login -->
  <testcase name="searchingText" time="6.514" classname="ApplicationTestCases.LoginPageTestcase"/>
</testsuite> <!-- ApplicationTestCases.LoginPageTestcase -->
