<?xml version="1.0" encoding="UTF-8"?>
<!-- Generated by org.testng.reporters.JUnitReportReporter -->
<testsuite name="rpugh.TestReader" tests="3" time="0.019" ignored="0" failures="0" timestamp="30 Jun 2021 11:27:26 GMT" skipped="0" hostname="sauron" errors="0">
  <testcase name="testLogin" time="0.003" classname="rpugh.TestReader"/>
  <testcase name="testLogin" time="0.002" classname="rpugh.TestReader"/>
  <testcase name="testLogin" time="0.014" classname="rpugh.TestReader"/>
</testsuite> <!-- rpugh.TestReader -->
